<?xml version="1.0" encoding="UTF-8"?>
<testsuite xmlns:xsi="http://www.w3.org/2001/XMLSchema-instance" xsi:noNamespaceSchemaLocation="https://maven.apache.org/surefire/maven-surefire-plugin/xsd/surefire-test-report.xsd" name="com.skillsly.skillsly_interface.SkillslyInterfaceApplicationTests" time="8.125" tests="1" errors="0" skipped="0" failures="0">
  <properties>
    <property name="sun.desktop" value="windows"/>
    <property name="awt.toolkit" value="sun.awt.windows.WToolkit"/>
    <property name="java.specification.version" value="11"/>
    <property name="sun.cpu.isalist" value="amd64"/>
    <property name="sun.jnu.encoding" value="Cp1252"/>
    <property name="java.class.path" value="C:\Users\victo\Desktop\skillsly-backend\skillsly_interface\target\test-classes;C:\Users\victo\Desktop\skillsly-backend\skillsly_interface\target\classes;C:\Users\victo\.m2\repository\org\springframework\boot\spring-boot-starter-data-rest\2.7.0\spring-boot-starter-data-rest-2.7.0.jar;C:\Users\victo\.m2\repository\org\springframework\data\spring-data-rest-webmvc\3.7.0\spring-data-rest-webmvc-3.7.0.jar;C:\Users\victo\.m2\repository\org\springframework\data\spring-data-rest-core\3.7.0\spring-data-rest-core-3.7.0.jar;C:\Users\victo\.m2\repository\org\springframework\spring-tx\5.3.20\spring-tx-5.3.20.jar;C:\Users\victo\.m2\repository\org\springframework\hateoas\spring-hateoas\1.5.0\spring-hateoas-1.5.0.jar;C:\Users\victo\.m2\repository\org\springframework\data\spring-data-commons\2.7.0\spring-data-commons-2.7.0.jar;C:\Users\victo\.m2\repository\org\springframework\plugin\spring-plugin-core\2.0.0.RELEASE\spring-plugin-core-2.0.0.RELEASE.jar;C:\Users\victo\.m2\repository\org\atteo\evo-inflector\1.3\evo-inflector-1.3.jar;C:\Users\victo\.m2\repository\com\fasterxml\jackson\core\jackson-databind\2.13.3\jackson-databind-2.13.3.jar;C:\Users\victo\.m2\repository\com\fasterxml\jackson\core\jackson-core\2.13.3\jackson-core-2.13.3.jar;C:\Users\victo\.m2\repository\com\fasterxml\jackson\core\jackson-annotations\2.13.3\jackson-annotations-2.13.3.jar;C:\Users\victo\.m2\repository\org\slf4j\slf4j-api\1.7.36\slf4j-api-1.7.36.jar;C:\Users\victo\.m2\repository\org\springframework\boot\spring-boot-starter-graphql\2.7.0\spring-boot-starter-graphql-2.7.0.jar;C:\Users\victo\.m2\repository\org\springframework\boot\spring-boot-starter\2.7.0\spring-boot-starter-2.7.0.jar;C:\Users\victo\.m2\repository\org\springframework\boot\spring-boot-starter-logging\2.7.0\spring-boot-starter-logging-2.7.0.jar;C:\Users\victo\.m2\repository\ch\qos\logback\logback-classic\1.2.11\logback-classic-1.2.11.jar;C:\Users\victo\.m2\repository\ch\qos\logback\logback-core\1.2.11\logback-core-1.2.11.jar;C:\Users\victo\.m2\repository\org\apache\logging\log4j\log4j-to-slf4j\2.17.2\log4j-to-slf4j-2.17.2.jar;C:\Users\victo\.m2\repository\org\apache\logging\log4j\log4j-api\2.17.2\log4j-api-2.17.2.jar;C:\Users\victo\.m2\repository\org\slf4j\jul-to-slf4j\1.7.36\jul-to-slf4j-1.7.36.jar;C:\Users\victo\.m2\repository\jakarta\annotation\jakarta.annotation-api\1.3.5\jakarta.annotation-api-1.3.5.jar;C:\Users\victo\.m2\repository\org\yaml\snakeyaml\1.30\snakeyaml-1.30.jar;C:\Users\victo\.m2\repository\org\springframework\boot\spring-boot-starter-json\2.7.0\spring-boot-starter-json-2.7.0.jar;C:\Users\victo\.m2\repository\com\fasterxml\jackson\datatype\jackson-datatype-jdk8\2.13.3\jackson-datatype-jdk8-2.13.3.jar;C:\Users\victo\.m2\repository\com\fasterxml\jackson\datatype\jackson-datatype-jsr310\2.13.3\jackson-datatype-jsr310-2.13.3.jar;C:\Users\victo\.m2\repository\com\fasterxml\jackson\module\jackson-module-parameter-names\2.13.3\jackson-module-parameter-names-2.13.3.jar;C:\Users\victo\.m2\repository\org\springframework\graphql\spring-graphql\1.0.0\spring-graphql-1.0.0.jar;C:\Users\victo\.m2\repository\org\springframework\boot\spring-boot-starter-web-services\2.7.0\spring-boot-starter-web-services-2.7.0.jar;C:\Users\victo\.m2\repository\com\sun\xml\messaging\saaj\saaj-impl\1.5.3\saaj-impl-1.5.3.jar;C:\Users\victo\.m2\repository\jakarta\xml\soap\jakarta.xml.soap-api\1.4.2\jakarta.xml.soap-api-1.4.2.jar;C:\Users\victo\.m2\repository\org\jvnet\staxex\stax-ex\1.8.3\stax-ex-1.8.3.jar;C:\Users\victo\.m2\repository\com\sun\activation\jakarta.activation\1.2.2\jakarta.activation-1.2.2.jar;C:\Users\victo\.m2\repository\jakarta\xml\ws\jakarta.xml.ws-api\2.3.3\jakarta.xml.ws-api-2.3.3.jar;C:\Users\victo\.m2\repository\jakarta\jws\jakarta.jws-api\2.1.0\jakarta.jws-api-2.1.0.jar;C:\Users\victo\.m2\repository\org\springframework\spring-oxm\5.3.20\spring-oxm-5.3.20.jar;C:\Users\victo\.m2\repository\org\springframework\spring-beans\5.3.20\spring-beans-5.3.20.jar;C:\Users\victo\.m2\repository\org\springframework\ws\spring-ws-core\3.1.3\spring-ws-core-3.1.3.jar;C:\Users\victo\.m2\repository\org\springframework\ws\spring-xml\3.1.3\spring-xml-3.1.3.jar;C:\Users\victo\.m2\repository\org\springframework\spring-aop\5.3.20\spring-aop-5.3.20.jar;C:\Users\victo\.m2\repository\wsdl4j\wsdl4j\1.6.3\wsdl4j-1.6.3.jar;C:\Users\victo\.m2\repository\org\springframework\boot\spring-boot-starter-web\2.7.0\spring-boot-starter-web-2.7.0.jar;C:\Users\victo\.m2\repository\org\springframework\boot\spring-boot-starter-tomcat\2.7.0\spring-boot-starter-tomcat-2.7.0.jar;C:\Users\victo\.m2\repository\org\apache\tomcat\embed\tomcat-embed-core\9.0.63\tomcat-embed-core-9.0.63.jar;C:\Users\victo\.m2\repository\org\apache\tomcat\embed\tomcat-embed-el\9.0.63\tomcat-embed-el-9.0.63.jar;C:\Users\victo\.m2\repository\org\apache\tomcat\embed\tomcat-embed-websocket\9.0.63\tomcat-embed-websocket-9.0.63.jar;C:\Users\victo\.m2\repository\org\springframework\spring-web\5.3.20\spring-web-5.3.20.jar;C:\Users\victo\.m2\repository\org\springframework\spring-webmvc\5.3.20\spring-webmvc-5.3.20.jar;C:\Users\victo\.m2\repository\org\springframework\spring-expression\5.3.20\spring-expression-5.3.20.jar;C:\Users\victo\.m2\repository\org\springframework\boot\spring-boot-starter-webflux\2.7.0\spring-boot-starter-webflux-2.7.0.jar;C:\Users\victo\.m2\repository\org\springframework\boot\spring-boot-starter-reactor-netty\2.7.0\spring-boot-starter-reactor-netty-2.7.0.jar;C:\Users\victo\.m2\repository\io\projectreactor\netty\reactor-netty-http\1.0.19\reactor-netty-http-1.0.19.jar;C:\Users\victo\.m2\repository\io\netty\netty-codec-http\4.1.77.Final\netty-codec-http-4.1.77.Final.jar;C:\Users\victo\.m2\repository\io\netty\netty-common\4.1.77.Final\netty-common-4.1.77.Final.jar;C:\Users\victo\.m2\repository\io\netty\netty-buffer\4.1.77.Final\netty-buffer-4.1.77.Final.jar;C:\Users\victo\.m2\repository\io\netty\netty-transport\4.1.77.Final\netty-transport-4.1.77.Final.jar;C:\Users\victo\.m2\repository\io\netty\netty-codec\4.1.77.Final\netty-codec-4.1.77.Final.jar;C:\Users\victo\.m2\repository\io\netty\netty-handler\4.1.77.Final\netty-handler-4.1.77.Final.jar;C:\Users\victo\.m2\repository\io\netty\netty-codec-http2\4.1.77.Final\netty-codec-http2-4.1.77.Final.jar;C:\Users\victo\.m2\repository\io\netty\netty-resolver-dns\4.1.77.Final\netty-resolver-dns-4.1.77.Final.jar;C:\Users\victo\.m2\repository\io\netty\netty-resolver\4.1.77.Final\netty-resolver-4.1.77.Final.jar;C:\Users\victo\.m2\repository\io\netty\netty-codec-dns\4.1.77.Final\netty-codec-dns-4.1.77.Final.jar;C:\Users\victo\.m2\repository\io\netty\netty-resolver-dns-native-macos\4.1.77.Final\netty-resolver-dns-native-macos-4.1.77.Final-osx-x86_64.jar;C:\Users\victo\.m2\repository\io\netty\netty-resolver-dns-classes-macos\4.1.77.Final\netty-resolver-dns-classes-macos-4.1.77.Final.jar;C:\Users\victo\.m2\repository\io\netty\netty-transport-native-epoll\4.1.77.Final\netty-transport-native-epoll-4.1.77.Final-linux-x86_64.jar;C:\Users\victo\.m2\repository\io\netty\netty-transport-native-unix-common\4.1.77.Final\netty-transport-native-unix-common-4.1.77.Final.jar;C:\Users\victo\.m2\repository\io\netty\netty-transport-classes-epoll\4.1.77.Final\netty-transport-classes-epoll-4.1.77.Final.jar;C:\Users\victo\.m2\repository\io\projectreactor\netty\reactor-netty-core\1.0.19\reactor-netty-core-1.0.19.jar;C:\Users\victo\.m2\repository\io\netty\netty-handler-proxy\4.1.77.Final\netty-handler-proxy-4.1.77.Final.jar;C:\Users\victo\.m2\repository\io\netty\netty-codec-socks\4.1.77.Final\netty-codec-socks-4.1.77.Final.jar;C:\Users\victo\.m2\repository\org\springframework\spring-webflux\5.3.20\spring-webflux-5.3.20.jar;C:\Users\victo\.m2\repository\org\springframework\boot\spring-boot-devtools\2.7.0\spring-boot-devtools-2.7.0.jar;C:\Users\victo\.m2\repository\org\springframework\boot\spring-boot\2.7.0\spring-boot-2.7.0.jar;C:\Users\victo\.m2\repository\org\springframework\boot\spring-boot-autoconfigure\2.7.0\spring-boot-autoconfigure-2.7.0.jar;C:\Users\victo\.m2\repository\org\springframework\boot\spring-boot-configuration-processor\2.7.0\spring-boot-configuration-processor-2.7.0.jar;C:\Users\victo\.m2\repository\org\projectlombok\lombok\1.18.24\lombok-1.18.24.jar;C:\Users\victo\.m2\repository\org\springframework\boot\spring-boot-starter-test\2.7.0\spring-boot-starter-test-2.7.0.jar;C:\Users\victo\.m2\repository\org\springframework\boot\spring-boot-test\2.7.0\spring-boot-test-2.7.0.jar;C:\Users\victo\.m2\repository\org\springframework\boot\spring-boot-test-autoconfigure\2.7.0\spring-boot-test-autoconfigure-2.7.0.jar;C:\Users\victo\.m2\repository\com\jayway\jsonpath\json-path\2.7.0\json-path-2.7.0.jar;C:\Users\victo\.m2\repository\net\minidev\json-smart\2.4.8\json-smart-2.4.8.jar;C:\Users\victo\.m2\repository\net\minidev\accessors-smart\2.4.8\accessors-smart-2.4.8.jar;C:\Users\victo\.m2\repository\org\ow2\asm\asm\9.1\asm-9.1.jar;C:\Users\victo\.m2\repository\jakarta\xml\bind\jakarta.xml.bind-api\2.3.3\jakarta.xml.bind-api-2.3.3.jar;C:\Users\victo\.m2\repository\jakarta\activation\jakarta.activation-api\1.2.2\jakarta.activation-api-1.2.2.jar;C:\Users\victo\.m2\repository\org\assertj\assertj-core\3.22.0\assertj-core-3.22.0.jar;C:\Users\victo\.m2\repository\org\hamcrest\hamcrest\2.2\hamcrest-2.2.jar;C:\Users\victo\.m2\repository\org\junit\jupiter\junit-jupiter\5.8.2\junit-jupiter-5.8.2.jar;C:\Users\victo\.m2\repository\org\junit\jupiter\junit-jupiter-api\5.8.2\junit-jupiter-api-5.8.2.jar;C:\Users\victo\.m2\repository\org\opentest4j\opentest4j\1.2.0\opentest4j-1.2.0.jar;C:\Users\victo\.m2\repository\org\junit\platform\junit-platform-commons\1.8.2\junit-platform-commons-1.8.2.jar;C:\Users\victo\.m2\repository\org\apiguardian\apiguardian-api\1.1.2\apiguardian-api-1.1.2.jar;C:\Users\victo\.m2\repository\org\junit\jupiter\junit-jupiter-params\5.8.2\junit-jupiter-params-5.8.2.jar;C:\Users\victo\.m2\repository\org\junit\jupiter\junit-jupiter-engine\5.8.2\junit-jupiter-engine-5.8.2.jar;C:\Users\victo\.m2\repository\org\junit\platform\junit-platform-engine\1.8.2\junit-platform-engine-1.8.2.jar;C:\Users\victo\.m2\repository\org\mockito\mockito-core\4.5.1\mockito-core-4.5.1.jar;C:\Users\victo\.m2\repository\net\bytebuddy\byte-buddy\1.12.10\byte-buddy-1.12.10.jar;C:\Users\victo\.m2\repository\net\bytebuddy\byte-buddy-agent\1.12.10\byte-buddy-agent-1.12.10.jar;C:\Users\victo\.m2\repository\org\objenesis\objenesis\3.2\objenesis-3.2.jar;C:\Users\victo\.m2\repository\org\mockito\mockito-junit-jupiter\4.5.1\mockito-junit-jupiter-4.5.1.jar;C:\Users\victo\.m2\repository\org\skyscreamer\jsonassert\1.5.0\jsonassert-1.5.0.jar;C:\Users\victo\.m2\repository\com\vaadin\external\google\android-json\0.0.20131108.vaadin1\android-json-0.0.20131108.vaadin1.jar;C:\Users\victo\.m2\repository\org\springframework\spring-core\5.3.20\spring-core-5.3.20.jar;C:\Users\victo\.m2\repository\org\springframework\spring-jcl\5.3.20\spring-jcl-5.3.20.jar;C:\Users\victo\.m2\repository\org\springframework\spring-test\5.3.20\spring-test-5.3.20.jar;C:\Users\victo\.m2\repository\org\xmlunit\xmlunit-core\2.9.0\xmlunit-core-2.9.0.jar;C:\Users\victo\.m2\repository\io\projectreactor\reactor-test\3.4.18\reactor-test-3.4.18.jar;C:\Users\victo\.m2\repository\io\projectreactor\reactor-core\3.4.18\reactor-core-3.4.18.jar;C:\Users\victo\.m2\repository\org\reactivestreams\reactive-streams\1.0.3\reactive-streams-1.0.3.jar;C:\Users\victo\.m2\repository\org\springframework\graphql\spring-graphql-test\1.0.0\spring-graphql-test-1.0.0.jar;C:\Users\victo\.m2\repository\com\graphql-java\graphql-java\18.1\graphql-java-18.1.jar;C:\Users\victo\.m2\repository\com\graphql-java\java-dataloader\3.1.2\java-dataloader-3.1.2.jar;C:\Users\victo\.m2\repository\org\antlr\antlr4-runtime\4.9.3\antlr4-runtime-4.9.3.jar;C:\Users\victo\.m2\repository\org\springframework\spring-context\5.3.20\spring-context-5.3.20.jar;C:\Users\victo\.m2\repository\com\netflix\graphql\dgs\graphql-dgs-spring-boot-starter\4.9.16\graphql-dgs-spring-boot-starter-4.9.16.jar;C:\Users\victo\.m2\repository\com\netflix\graphql\dgs\graphql-dgs-spring-boot-oss-autoconfigure\4.9.16\graphql-dgs-spring-boot-oss-autoconfigure-4.9.16.jar;C:\Users\victo\.m2\repository\com\netflix\graphql\dgs\graphql-dgs\4.9.16\graphql-dgs-4.9.16.jar;C:\Users\victo\.m2\repository\com\netflix\graphql\dgs\graphql-dgs-mocking\4.9.16\graphql-dgs-mocking-4.9.16.jar;C:\Users\victo\.m2\repository\com\github\javafaker\javafaker\1.0.2\javafaker-1.0.2.jar;C:\Users\victo\.m2\repository\org\apache\commons\commons-lang3\3.12.0\commons-lang3-3.12.0.jar;C:\Users\victo\.m2\repository\com\github\mifmif\generex\1.0.2\generex-1.0.2.jar;C:\Users\victo\.m2\repository\dk\brics\automaton\automaton\1.11-8\automaton-1.11-8.jar;C:\Users\victo\.m2\repository\org\jetbrains\kotlin\kotlin-reflect\1.6.21\kotlin-reflect-1.6.21.jar;C:\Users\victo\.m2\repository\com\apollographql\federation\federation-graphql-java-support\0.7.0\federation-graphql-java-support-0.7.0.jar;C:\Users\victo\.m2\repository\com\apollographql\federation\federation-graphql-java-support-api\0.7.0\federation-graphql-java-support-api-0.7.0.jar;C:\Users\victo\.m2\repository\com\google\protobuf\protobuf-java\3.9.0\protobuf-java-3.9.0.jar;C:\Users\victo\.m2\repository\org\jetbrains\kotlinx\kotlinx-coroutines-core\1.6.1\kotlinx-coroutines-core-1.6.1.jar;C:\Users\victo\.m2\repository\org\jetbrains\kotlinx\kotlinx-coroutines-core-jvm\1.6.1\kotlinx-coroutines-core-jvm-1.6.1.jar;C:\Users\victo\.m2\repository\org\jetbrains\kotlinx\kotlinx-coroutines-jdk8\1.6.1\kotlinx-coroutines-jdk8-1.6.1.jar;C:\Users\victo\.m2\repository\com\netflix\graphql\dgs\graphql-dgs-spring-webmvc\4.9.16\graphql-dgs-spring-webmvc-4.9.16.jar;C:\Users\victo\.m2\repository\com\netflix\graphql\dgs\graphql-dgs-spring-webmvc-autoconfigure\4.9.16\graphql-dgs-spring-webmvc-autoconfigure-4.9.16.jar;C:\Users\victo\.m2\repository\jakarta\servlet\jakarta.servlet-api\4.0.4\jakarta.servlet-api-4.0.4.jar;C:\Users\victo\.m2\repository\com\netflix\graphql\dgs\graphql-dgs-client\4.9.16\graphql-dgs-client-4.9.16.jar;C:\Users\victo\.m2\repository\com\netflix\graphql\dgs\graphql-dgs-subscription-types\4.9.16\graphql-dgs-subscription-types-4.9.16.jar;C:\Users\victo\.m2\repository\com\fasterxml\jackson\module\jackson-module-kotlin\2.13.3\jackson-module-kotlin-2.13.3.jar;C:\Users\victo\.m2\repository\com\netflix\graphql\dgs\graphql-error-types\4.9.16\graphql-error-types-4.9.16.jar;C:\Users\victo\.m2\repository\org\jetbrains\kotlin\kotlin-stdlib-jdk8\1.6.21\kotlin-stdlib-jdk8-1.6.21.jar;C:\Users\victo\.m2\repository\org\jetbrains\kotlin\kotlin-stdlib\1.6.21\kotlin-stdlib-1.6.21.jar;C:\Users\victo\.m2\repository\org\jetbrains\kotlin\kotlin-stdlib-common\1.6.21\kotlin-stdlib-common-1.6.21.jar;C:\Users\victo\.m2\repository\org\jetbrains\annotations\13.0\annotations-13.0.jar;C:\Users\victo\.m2\repository\org\jetbrains\kotlin\kotlin-stdlib-jdk7\1.6.21\kotlin-stdlib-jdk7-1.6.21.jar;C:\Users\victo\.m2\repository\org\springframework\boot\spring-boot-starter-websocket\2.7.0\spring-boot-starter-websocket-2.7.0.jar;C:\Users\victo\.m2\repository\org\springframework\spring-messaging\5.3.20\spring-messaging-5.3.20.jar;C:\Users\victo\.m2\repository\org\springframework\spring-websocket\5.3.20\spring-websocket-5.3.20.jar;C:\Users\victo\.m2\repository\org\springframework\restdocs\spring-restdocs-mockmvc\2.0.6.RELEASE\spring-restdocs-mockmvc-2.0.6.RELEASE.jar;C:\Users\victo\.m2\repository\org\springframework\restdocs\spring-restdocs-core\2.0.6.RELEASE\spring-restdocs-core-2.0.6.RELEASE.jar;C:\Users\victo\.m2\repository\javax\servlet\javax.servlet-api\4.0.1\javax.servlet-api-4.0.1.jar;C:\Users\victo\.m2\repository\com\graphql-java-kickstart\graphql-webclient-spring-boot-starter\1.0.0\graphql-webclient-spring-boot-starter-1.0.0.jar;C:\Users\victo\.m2\repository\com\graphql-java-kickstart\graphql-webclient-spring-boot-autoconfigure\1.0.0\graphql-webclient-spring-boot-autoconfigure-1.0.0.jar;C:\Users\victo\.m2\repository\com\graphql-java-kickstart\graphql-webclient\1.0.0\graphql-webclient-1.0.0.jar;C:\Users\victo\.m2\repository\org\springframework\security\spring-security-oauth2-client\5.7.1\spring-security-oauth2-client-5.7.1.jar;C:\Users\victo\.m2\repository\org\springframework\security\spring-security-core\5.7.1\spring-security-core-5.7.1.jar;C:\Users\victo\.m2\repository\org\springframework\security\spring-security-crypto\5.7.1\spring-security-crypto-5.7.1.jar;C:\Users\victo\.m2\repository\org\springframework\security\spring-security-oauth2-core\5.7.1\spring-security-oauth2-core-5.7.1.jar;C:\Users\victo\.m2\repository\org\springframework\security\spring-security-web\5.7.1\spring-security-web-5.7.1.jar;C:\Users\victo\.m2\repository\com\nimbusds\oauth2-oidc-sdk\9.35\oauth2-oidc-sdk-9.35.jar;C:\Users\victo\.m2\repository\com\github\stephenc\jcip\jcip-annotations\1.0-1\jcip-annotations-1.0-1.jar;C:\Users\victo\.m2\repository\com\nimbusds\content-type\2.2\content-type-2.2.jar;C:\Users\victo\.m2\repository\com\nimbusds\lang-tag\1.6\lang-tag-1.6.jar;C:\Users\victo\.m2\repository\com\nimbusds\nimbus-jose-jwt\9.22\nimbus-jose-jwt-9.22.jar;C:\Users\victo\.m2\repository\com\sun\xml\bind\jaxb-core\2.3.0.1\jaxb-core-2.3.0.1.jar;C:\Users\victo\.m2\repository\javax\xml\bind\jaxb-api\2.3.1\jaxb-api-2.3.1.jar;C:\Users\victo\.m2\repository\javax\activation\javax.activation-api\1.2.0\javax.activation-api-1.2.0.jar;C:\Users\victo\.m2\repository\com\sun\xml\bind\jaxb-impl\2.3.1\jaxb-impl-2.3.1.jar;C:\Users\victo\.m2\repository\org\javassist\javassist\3.25.0-GA\javassist-3.25.0-GA.jar;"/>
    <property name="java.vm.vendor" value="Amazon.com Inc."/>
    <property name="sun.arch.data.model" value="64"/>
    <property name="user.variant" value=""/>
    <property name="java.vendor.url" value="https://aws.amazon.com/corretto/"/>
    <property name="user.timezone" value="America/Bogota"/>
    <property name="user.country.format" value="US"/>
    <property name="java.vm.specification.version" value="11"/>
    <property name="os.name" value="Windows 11"/>
    <property name="sun.java.launcher" value="SUN_STANDARD"/>
    <property name="user.country" value="ES"/>
    <property name="sun.boot.library.path" value="C:\Users\victo\.jdks\corretto-11.0.14.1\bin"/>
    <property name="sun.java.command" value="C:\Users\victo\AppData\Local\Temp\surefire15061349155763569793\surefirebooter5555519173140298383.jar C:\Users\victo\AppData\Local\Temp\surefire15061349155763569793 2022-06-06T19-43-12_197-jvmRun1 surefire986524787671905978tmp surefire_03450148098875968028tmp"/>
    <property name="jdk.debug" value="release"/>
    <property name="surefire.test.class.path" value="C:\Users\victo\Desktop\skillsly-backend\skillsly_interface\target\test-classes;C:\Users\victo\Desktop\skillsly-backend\skillsly_interface\target\classes;C:\Users\victo\.m2\repository\org\springframework\boot\spring-boot-starter-data-rest\2.7.0\spring-boot-starter-data-rest-2.7.0.jar;C:\Users\victo\.m2\repository\org\springframework\data\spring-data-rest-webmvc\3.7.0\spring-data-rest-webmvc-3.7.0.jar;C:\Users\victo\.m2\repository\org\springframework\data\spring-data-rest-core\3.7.0\spring-data-rest-core-3.7.0.jar;C:\Users\victo\.m2\repository\org\springframework\spring-tx\5.3.20\spring-tx-5.3.20.jar;C:\Users\victo\.m2\repository\org\springframework\hateoas\spring-hateoas\1.5.0\spring-hateoas-1.5.0.jar;C:\Users\victo\.m2\repository\org\springframework\data\spring-data-commons\2.7.0\spring-data-commons-2.7.0.jar;C:\Users\victo\.m2\repository\org\springframework\plugin\spring-plugin-core\2.0.0.RELEASE\spring-plugin-core-2.0.0.RELEASE.jar;C:\Users\victo\.m2\repository\org\atteo\evo-inflector\1.3\evo-inflector-1.3.jar;C:\Users\victo\.m2\repository\com\fasterxml\jackson\core\jackson-databind\2.13.3\jackson-databind-2.13.3.jar;C:\Users\victo\.m2\repository\com\fasterxml\jackson\core\jackson-core\2.13.3\jackson-core-2.13.3.jar;C:\Users\victo\.m2\repository\com\fasterxml\jackson\core\jackson-annotations\2.13.3\jackson-annotations-2.13.3.jar;C:\Users\victo\.m2\repository\org\slf4j\slf4j-api\1.7.36\slf4j-api-1.7.36.jar;C:\Users\victo\.m2\repository\org\springframework\boot\spring-boot-starter-graphql\2.7.0\spring-boot-starter-graphql-2.7.0.jar;C:\Users\victo\.m2\repository\org\springframework\boot\spring-boot-starter\2.7.0\spring-boot-starter-2.7.0.jar;C:\Users\victo\.m2\repository\org\springframework\boot\spring-boot-starter-logging\2.7.0\spring-boot-starter-logging-2.7.0.jar;C:\Users\victo\.m2\repository\ch\qos\logback\logback-classic\1.2.11\logback-classic-1.2.11.jar;C:\Users\victo\.m2\repository\ch\qos\logback\logback-core\1.2.11\logback-core-1.2.11.jar;C:\Users\victo\.m2\repository\org\apache\logging\log4j\log4j-to-slf4j\2.17.2\log4j-to-slf4j-2.17.2.jar;C:\Users\victo\.m2\repository\org\apache\logging\log4j\log4j-api\2.17.2\log4j-api-2.17.2.jar;C:\Users\victo\.m2\repository\org\slf4j\jul-to-slf4j\1.7.36\jul-to-slf4j-1.7.36.jar;C:\Users\victo\.m2\repository\jakarta\annotation\jakarta.annotation-api\1.3.5\jakarta.annotation-api-1.3.5.jar;C:\Users\victo\.m2\repository\org\yaml\snakeyaml\1.30\snakeyaml-1.30.jar;C:\Users\victo\.m2\repository\org\springframework\boot\spring-boot-starter-json\2.7.0\spring-boot-starter-json-2.7.0.jar;C:\Users\victo\.m2\repository\com\fasterxml\jackson\datatype\jackson-datatype-jdk8\2.13.3\jackson-datatype-jdk8-2.13.3.jar;C:\Users\victo\.m2\repository\com\fasterxml\jackson\datatype\jackson-datatype-jsr310\2.13.3\jackson-datatype-jsr310-2.13.3.jar;C:\Users\victo\.m2\repository\com\fasterxml\jackson\module\jackson-module-parameter-names\2.13.3\jackson-module-parameter-names-2.13.3.jar;C:\Users\victo\.m2\repository\org\springframework\graphql\spring-graphql\1.0.0\spring-graphql-1.0.0.jar;C:\Users\victo\.m2\repository\org\springframework\boot\spring-boot-starter-web-services\2.7.0\spring-boot-starter-web-services-2.7.0.jar;C:\Users\victo\.m2\repository\com\sun\xml\messaging\saaj\saaj-impl\1.5.3\saaj-impl-1.5.3.jar;C:\Users\victo\.m2\repository\jakarta\xml\soap\jakarta.xml.soap-api\1.4.2\jakarta.xml.soap-api-1.4.2.jar;C:\Users\victo\.m2\repository\org\jvnet\staxex\stax-ex\1.8.3\stax-ex-1.8.3.jar;C:\Users\victo\.m2\repository\com\sun\activation\jakarta.activation\1.2.2\jakarta.activation-1.2.2.jar;C:\Users\victo\.m2\repository\jakarta\xml\ws\jakarta.xml.ws-api\2.3.3\jakarta.xml.ws-api-2.3.3.jar;C:\Users\victo\.m2\repository\jakarta\jws\jakarta.jws-api\2.1.0\jakarta.jws-api-2.1.0.jar;C:\Users\victo\.m2\repository\org\springframework\spring-oxm\5.3.20\spring-oxm-5.3.20.jar;C:\Users\victo\.m2\repository\org\springframework\spring-beans\5.3.20\spring-beans-5.3.20.jar;C:\Users\victo\.m2\repository\org\springframework\ws\spring-ws-core\3.1.3\spring-ws-core-3.1.3.jar;C:\Users\victo\.m2\repository\org\springframework\ws\spring-xml\3.1.3\spring-xml-3.1.3.jar;C:\Users\victo\.m2\repository\org\springframework\spring-aop\5.3.20\spring-aop-5.3.20.jar;C:\Users\victo\.m2\repository\wsdl4j\wsdl4j\1.6.3\wsdl4j-1.6.3.jar;C:\Users\victo\.m2\repository\org\springframework\boot\spring-boot-starter-web\2.7.0\spring-boot-starter-web-2.7.0.jar;C:\Users\victo\.m2\repository\org\springframework\boot\spring-boot-starter-tomcat\2.7.0\spring-boot-starter-tomcat-2.7.0.jar;C:\Users\victo\.m2\repository\org\apache\tomcat\embed\tomcat-embed-core\9.0.63\tomcat-embed-core-9.0.63.jar;C:\Users\victo\.m2\repository\org\apache\tomcat\embed\tomcat-embed-el\9.0.63\tomcat-embed-el-9.0.63.jar;C:\Users\victo\.m2\repository\org\apache\tomcat\embed\tomcat-embed-websocket\9.0.63\tomcat-embed-websocket-9.0.63.jar;C:\Users\victo\.m2\repository\org\springframework\spring-web\5.3.20\spring-web-5.3.20.jar;C:\Users\victo\.m2\repository\org\springframework\spring-webmvc\5.3.20\spring-webmvc-5.3.20.jar;C:\Users\victo\.m2\repository\org\springframework\spring-expression\5.3.20\spring-expression-5.3.20.jar;C:\Users\victo\.m2\repository\org\springframework\boot\spring-boot-starter-webflux\2.7.0\spring-boot-starter-webflux-2.7.0.jar;C:\Users\victo\.m2\repository\org\springframework\boot\spring-boot-starter-reactor-netty\2.7.0\spring-boot-starter-reactor-netty-2.7.0.jar;C:\Users\victo\.m2\repository\io\projectreactor\netty\reactor-netty-http\1.0.19\reactor-netty-http-1.0.19.jar;C:\Users\victo\.m2\repository\io\netty\netty-codec-http\4.1.77.Final\netty-codec-http-4.1.77.Final.jar;C:\Users\victo\.m2\repository\io\netty\netty-common\4.1.77.Final\netty-common-4.1.77.Final.jar;C:\Users\victo\.m2\repository\io\netty\netty-buffer\4.1.77.Final\netty-buffer-4.1.77.Final.jar;C:\Users\victo\.m2\repository\io\netty\netty-transport\4.1.77.Final\netty-transport-4.1.77.Final.jar;C:\Users\victo\.m2\repository\io\netty\netty-codec\4.1.77.Final\netty-codec-4.1.77.Final.jar;C:\Users\victo\.m2\repository\io\netty\netty-handler\4.1.77.Final\netty-handler-4.1.77.Final.jar;C:\Users\victo\.m2\repository\io\netty\netty-codec-http2\4.1.77.Final\netty-codec-http2-4.1.77.Final.jar;C:\Users\victo\.m2\repository\io\netty\netty-resolver-dns\4.1.77.Final\netty-resolver-dns-4.1.77.Final.jar;C:\Users\victo\.m2\repository\io\netty\netty-resolver\4.1.77.Final\netty-resolver-4.1.77.Final.jar;C:\Users\victo\.m2\repository\io\netty\netty-codec-dns\4.1.77.Final\netty-codec-dns-4.1.77.Final.jar;C:\Users\victo\.m2\repository\io\netty\netty-resolver-dns-native-macos\4.1.77.Final\netty-resolver-dns-native-macos-4.1.77.Final-osx-x86_64.jar;C:\Users\victo\.m2\repository\io\netty\netty-resolver-dns-classes-macos\4.1.77.Final\netty-resolver-dns-classes-macos-4.1.77.Final.jar;C:\Users\victo\.m2\repository\io\netty\netty-transport-native-epoll\4.1.77.Final\netty-transport-native-epoll-4.1.77.Final-linux-x86_64.jar;C:\Users\victo\.m2\repository\io\netty\netty-transport-native-unix-common\4.1.77.Final\netty-transport-native-unix-common-4.1.77.Final.jar;C:\Users\victo\.m2\repository\io\netty\netty-transport-classes-epoll\4.1.77.Final\netty-transport-classes-epoll-4.1.77.Final.jar;C:\Users\victo\.m2\repository\io\projectreactor\netty\reactor-netty-core\1.0.19\reactor-netty-core-1.0.19.jar;C:\Users\victo\.m2\repository\io\netty\netty-handler-proxy\4.1.77.Final\netty-handler-proxy-4.1.77.Final.jar;C:\Users\victo\.m2\repository\io\netty\netty-codec-socks\4.1.77.Final\netty-codec-socks-4.1.77.Final.jar;C:\Users\victo\.m2\repository\org\springframework\spring-webflux\5.3.20\spring-webflux-5.3.20.jar;C:\Users\victo\.m2\repository\org\springframework\boot\spring-boot-devtools\2.7.0\spring-boot-devtools-2.7.0.jar;C:\Users\victo\.m2\repository\org\springframework\boot\spring-boot\2.7.0\spring-boot-2.7.0.jar;C:\Users\victo\.m2\repository\org\springframework\boot\spring-boot-autoconfigure\2.7.0\spring-boot-autoconfigure-2.7.0.jar;C:\Users\victo\.m2\repository\org\springframework\boot\spring-boot-configuration-processor\2.7.0\spring-boot-configuration-processor-2.7.0.jar;C:\Users\victo\.m2\repository\org\projectlombok\lombok\1.18.24\lombok-1.18.24.jar;C:\Users\victo\.m2\repository\org\springframework\boot\spring-boot-starter-test\2.7.0\spring-boot-starter-test-2.7.0.jar;C:\Users\victo\.m2\repository\org\springframework\boot\spring-boot-test\2.7.0\spring-boot-test-2.7.0.jar;C:\Users\victo\.m2\repository\org\springframework\boot\spring-boot-test-autoconfigure\2.7.0\spring-boot-test-autoconfigure-2.7.0.jar;C:\Users\victo\.m2\repository\com\jayway\jsonpath\json-path\2.7.0\json-path-2.7.0.jar;C:\Users\victo\.m2\repository\net\minidev\json-smart\2.4.8\json-smart-2.4.8.jar;C:\Users\victo\.m2\repository\net\minidev\accessors-smart\2.4.8\accessors-smart-2.4.8.jar;C:\Users\victo\.m2\repository\org\ow2\asm\asm\9.1\asm-9.1.jar;C:\Users\victo\.m2\repository\jakarta\xml\bind\jakarta.xml.bind-api\2.3.3\jakarta.xml.bind-api-2.3.3.jar;C:\Users\victo\.m2\repository\jakarta\activation\jakarta.activation-api\1.2.2\jakarta.activation-api-1.2.2.jar;C:\Users\victo\.m2\repository\org\assertj\assertj-core\3.22.0\assertj-core-3.22.0.jar;C:\Users\victo\.m2\repository\org\hamcrest\hamcrest\2.2\hamcrest-2.2.jar;C:\Users\victo\.m2\repository\org\junit\jupiter\junit-jupiter\5.8.2\junit-jupiter-5.8.2.jar;C:\Users\victo\.m2\repository\org\junit\jupiter\junit-jupiter-api\5.8.2\junit-jupiter-api-5.8.2.jar;C:\Users\victo\.m2\repository\org\opentest4j\opentest4j\1.2.0\opentest4j-1.2.0.jar;C:\Users\victo\.m2\repository\org\junit\platform\junit-platform-commons\1.8.2\junit-platform-commons-1.8.2.jar;C:\Users\victo\.m2\repository\org\apiguardian\apiguardian-api\1.1.2\apiguardian-api-1.1.2.jar;C:\Users\victo\.m2\repository\org\junit\jupiter\junit-jupiter-params\5.8.2\junit-jupiter-params-5.8.2.jar;C:\Users\victo\.m2\repository\org\junit\jupiter\junit-jupiter-engine\5.8.2\junit-jupiter-engine-5.8.2.jar;C:\Users\victo\.m2\repository\org\junit\platform\junit-platform-engine\1.8.2\junit-platform-engine-1.8.2.jar;C:\Users\victo\.m2\repository\org\mockito\mockito-core\4.5.1\mockito-core-4.5.1.jar;C:\Users\victo\.m2\repository\net\bytebuddy\byte-buddy\1.12.10\byte-buddy-1.12.10.jar;C:\Users\victo\.m2\repository\net\bytebuddy\byte-buddy-agent\1.12.10\byte-buddy-agent-1.12.10.jar;C:\Users\victo\.m2\repository\org\objenesis\objenesis\3.2\objenesis-3.2.jar;C:\Users\victo\.m2\repository\org\mockito\mockito-junit-jupiter\4.5.1\mockito-junit-jupiter-4.5.1.jar;C:\Users\victo\.m2\repository\org\skyscreamer\jsonassert\1.5.0\jsonassert-1.5.0.jar;C:\Users\victo\.m2\repository\com\vaadin\external\google\android-json\0.0.20131108.vaadin1\android-json-0.0.20131108.vaadin1.jar;C:\Users\victo\.m2\repository\org\springframework\spring-core\5.3.20\spring-core-5.3.20.jar;C:\Users\victo\.m2\repository\org\springframework\spring-jcl\5.3.20\spring-jcl-5.3.20.jar;C:\Users\victo\.m2\repository\org\springframework\spring-test\5.3.20\spring-test-5.3.20.jar;C:\Users\victo\.m2\repository\org\xmlunit\xmlunit-core\2.9.0\xmlunit-core-2.9.0.jar;C:\Users\victo\.m2\repository\io\projectreactor\reactor-test\3.4.18\reactor-test-3.4.18.jar;C:\Users\victo\.m2\repository\io\projectreactor\reactor-core\3.4.18\reactor-core-3.4.18.jar;C:\Users\victo\.m2\repository\org\reactivestreams\reactive-streams\1.0.3\reactive-streams-1.0.3.jar;C:\Users\victo\.m2\repository\org\springframework\graphql\spring-graphql-test\1.0.0\spring-graphql-test-1.0.0.jar;C:\Users\victo\.m2\repository\com\graphql-java\graphql-java\18.1\graphql-java-18.1.jar;C:\Users\victo\.m2\repository\com\graphql-java\java-dataloader\3.1.2\java-dataloader-3.1.2.jar;C:\Users\victo\.m2\repository\org\antlr\antlr4-runtime\4.9.3\antlr4-runtime-4.9.3.jar;C:\Users\victo\.m2\repository\org\springframework\spring-context\5.3.20\spring-context-5.3.20.jar;C:\Users\victo\.m2\repository\com\netflix\graphql\dgs\graphql-dgs-spring-boot-starter\4.9.16\graphql-dgs-spring-boot-starter-4.9.16.jar;C:\Users\victo\.m2\repository\com\netflix\graphql\dgs\graphql-dgs-spring-boot-oss-autoconfigure\4.9.16\graphql-dgs-spring-boot-oss-autoconfigure-4.9.16.jar;C:\Users\victo\.m2\repository\com\netflix\graphql\dgs\graphql-dgs\4.9.16\graphql-dgs-4.9.16.jar;C:\Users\victo\.m2\repository\com\netflix\graphql\dgs\graphql-dgs-mocking\4.9.16\graphql-dgs-mocking-4.9.16.jar;C:\Users\victo\.m2\repository\com\github\javafaker\javafaker\1.0.2\javafaker-1.0.2.jar;C:\Users\victo\.m2\repository\org\apache\commons\commons-lang3\3.12.0\commons-lang3-3.12.0.jar;C:\Users\victo\.m2\repository\com\github\mifmif\generex\1.0.2\generex-1.0.2.jar;C:\Users\victo\.m2\repository\dk\brics\automaton\automaton\1.11-8\automaton-1.11-8.jar;C:\Users\victo\.m2\repository\org\jetbrains\kotlin\kotlin-reflect\1.6.21\kotlin-reflect-1.6.21.jar;C:\Users\victo\.m2\repository\com\apollographql\federation\federation-graphql-java-support\0.7.0\federation-graphql-java-support-0.7.0.jar;C:\Users\victo\.m2\repository\com\apollographql\federation\federation-graphql-java-support-api\0.7.0\federation-graphql-java-support-api-0.7.0.jar;C:\Users\victo\.m2\repository\com\google\protobuf\protobuf-java\3.9.0\protobuf-java-3.9.0.jar;C:\Users\victo\.m2\repository\org\jetbrains\kotlinx\kotlinx-coroutines-core\1.6.1\kotlinx-coroutines-core-1.6.1.jar;C:\Users\victo\.m2\repository\org\jetbrains\kotlinx\kotlinx-coroutines-core-jvm\1.6.1\kotlinx-coroutines-core-jvm-1.6.1.jar;C:\Users\victo\.m2\repository\org\jetbrains\kotlinx\kotlinx-coroutines-jdk8\1.6.1\kotlinx-coroutines-jdk8-1.6.1.jar;C:\Users\victo\.m2\repository\com\netflix\graphql\dgs\graphql-dgs-spring-webmvc\4.9.16\graphql-dgs-spring-webmvc-4.9.16.jar;C:\Users\victo\.m2\repository\com\netflix\graphql\dgs\graphql-dgs-spring-webmvc-autoconfigure\4.9.16\graphql-dgs-spring-webmvc-autoconfigure-4.9.16.jar;C:\Users\victo\.m2\repository\jakarta\servlet\jakarta.servlet-api\4.0.4\jakarta.servlet-api-4.0.4.jar;C:\Users\victo\.m2\repository\com\netflix\graphql\dgs\graphql-dgs-client\4.9.16\graphql-dgs-client-4.9.16.jar;C:\Users\victo\.m2\repository\com\netflix\graphql\dgs\graphql-dgs-subscription-types\4.9.16\graphql-dgs-subscription-types-4.9.16.jar;C:\Users\victo\.m2\repository\com\fasterxml\jackson\module\jackson-module-kotlin\2.13.3\jackson-module-kotlin-2.13.3.jar;C:\Users\victo\.m2\repository\com\netflix\graphql\dgs\graphql-error-types\4.9.16\graphql-error-types-4.9.16.jar;C:\Users\victo\.m2\repository\org\jetbrains\kotlin\kotlin-stdlib-jdk8\1.6.21\kotlin-stdlib-jdk8-1.6.21.jar;C:\Users\victo\.m2\repository\org\jetbrains\kotlin\kotlin-stdlib\1.6.21\kotlin-stdlib-1.6.21.jar;C:\Users\victo\.m2\repository\org\jetbrains\kotlin\kotlin-stdlib-common\1.6.21\kotlin-stdlib-common-1.6.21.jar;C:\Users\victo\.m2\repository\org\jetbrains\annotations\13.0\annotations-13.0.jar;C:\Users\victo\.m2\repository\org\jetbrains\kotlin\kotlin-stdlib-jdk7\1.6.21\kotlin-stdlib-jdk7-1.6.21.jar;C:\Users\victo\.m2\repository\org\springframework\boot\spring-boot-starter-websocket\2.7.0\spring-boot-starter-websocket-2.7.0.jar;C:\Users\victo\.m2\repository\org\springframework\spring-messaging\5.3.20\spring-messaging-5.3.20.jar;C:\Users\victo\.m2\repository\org\springframework\spring-websocket\5.3.20\spring-websocket-5.3.20.jar;C:\Users\victo\.m2\repository\org\springframework\restdocs\spring-restdocs-mockmvc\2.0.6.RELEASE\spring-restdocs-mockmvc-2.0.6.RELEASE.jar;C:\Users\victo\.m2\repository\org\springframework\restdocs\spring-restdocs-core\2.0.6.RELEASE\spring-restdocs-core-2.0.6.RELEASE.jar;C:\Users\victo\.m2\repository\javax\servlet\javax.servlet-api\4.0.1\javax.servlet-api-4.0.1.jar;C:\Users\victo\.m2\repository\com\graphql-java-kickstart\graphql-webclient-spring-boot-starter\1.0.0\graphql-webclient-spring-boot-starter-1.0.0.jar;C:\Users\victo\.m2\repository\com\graphql-java-kickstart\graphql-webclient-spring-boot-autoconfigure\1.0.0\graphql-webclient-spring-boot-autoconfigure-1.0.0.jar;C:\Users\victo\.m2\repository\com\graphql-java-kickstart\graphql-webclient\1.0.0\graphql-webclient-1.0.0.jar;C:\Users\victo\.m2\repository\org\springframework\security\spring-security-oauth2-client\5.7.1\spring-security-oauth2-client-5.7.1.jar;C:\Users\victo\.m2\repository\org\springframework\security\spring-security-core\5.7.1\spring-security-core-5.7.1.jar;C:\Users\victo\.m2\repository\org\springframework\security\spring-security-crypto\5.7.1\spring-security-crypto-5.7.1.jar;C:\Users\victo\.m2\repository\org\springframework\security\spring-security-oauth2-core\5.7.1\spring-security-oauth2-core-5.7.1.jar;C:\Users\victo\.m2\repository\org\springframework\security\spring-security-web\5.7.1\spring-security-web-5.7.1.jar;C:\Users\victo\.m2\repository\com\nimbusds\oauth2-oidc-sdk\9.35\oauth2-oidc-sdk-9.35.jar;C:\Users\victo\.m2\repository\com\github\stephenc\jcip\jcip-annotations\1.0-1\jcip-annotations-1.0-1.jar;C:\Users\victo\.m2\repository\com\nimbusds\content-type\2.2\content-type-2.2.jar;C:\Users\victo\.m2\repository\com\nimbusds\lang-tag\1.6\lang-tag-1.6.jar;C:\Users\victo\.m2\repository\com\nimbusds\nimbus-jose-jwt\9.22\nimbus-jose-jwt-9.22.jar;C:\Users\victo\.m2\repository\com\sun\xml\bind\jaxb-core\2.3.0.1\jaxb-core-2.3.0.1.jar;C:\Users\victo\.m2\repository\javax\xml\bind\jaxb-api\2.3.1\jaxb-api-2.3.1.jar;C:\Users\victo\.m2\repository\javax\activation\javax.activation-api\1.2.0\javax.activation-api-1.2.0.jar;C:\Users\victo\.m2\repository\com\sun\xml\bind\jaxb-impl\2.3.1\jaxb-impl-2.3.1.jar;C:\Users\victo\.m2\repository\org\javassist\javassist\3.25.0-GA\javassist-3.25.0-GA.jar;"/>
    <property name="sun.cpu.endian" value="little"/>
    <property name="user.home" value="C:\Users\victo"/>
    <property name="user.language" value="es"/>
    <property name="java.specification.vendor" value="Oracle Corporation"/>
    <property name="java.version.date" value="2022-02-08"/>
    <property name="java.home" value="C:\Users\victo\.jdks\corretto-11.0.14.1"/>
    <property name="file.separator" value="\"/>
    <property name="basedir" value="C:\Users\victo\Desktop\skillsly-backend\skillsly_interface"/>
    <property name="java.vm.compressedOopsMode" value="Zero based"/>
    <property name="line.separator" value="&#10;"/>
    <property name="java.specification.name" value="Java Platform API Specification"/>
    <property name="java.vm.specification.vendor" value="Oracle Corporation"/>
    <property name="java.awt.graphicsenv" value="sun.awt.Win32GraphicsEnvironment"/>
    <property name="surefire.real.class.path" value="C:\Users\victo\AppData\Local\Temp\surefire15061349155763569793\surefirebooter5555519173140298383.jar"/>
    <property name="user.script" value=""/>
    <property name="sun.management.compiler" value="HotSpot 64-Bit Tiered Compilers"/>
    <property name="java.runtime.version" value="11.0.14.1+10-LTS"/>
    <property name="user.name" value="victo"/>
    <property name="path.separator" value=";"/>
    <property name="os.version" value="10.0"/>
    <property name="java.runtime.name" value="OpenJDK Runtime Environment"/>
    <property name="file.encoding" value="Cp1252"/>
    <property name="java.vm.name" value="OpenJDK 64-Bit Server VM"/>
    <property name="java.vendor.version" value="Corretto-11.0.14.10.1"/>
    <property name="localRepository" value="C:\Users\victo\.m2\repository"/>
    <property name="java.vendor.url.bug" value="https://github.com/corretto/corretto-11/issues/"/>
    <property name="java.io.tmpdir" value="C:\Users\victo\AppData\Local\Temp\"/>
    <property name="idea.version" value="2022.1.2"/>
    <property name="java.version" value="11.0.14.1"/>
    <property name="user.dir" value="C:\Users\victo\Desktop\skillsly-backend\skillsly_interface"/>
    <property name="os.arch" value="amd64"/>
    <property name="java.vm.specification.name" value="Java Virtual Machine Specification"/>
    <property name="java.awt.printerjob" value="sun.awt.windows.WPrinterJob"/>
    <property name="user.language.format" value="en"/>
    <property name="sun.os.patch.level" value=""/>
    <property name="java.library.path" value="C:\Users\victo\.jdks\corretto-11.0.14.1\bin;C:\Windows\Sun\Java\bin;C:\Windows\system32;C:\Windows;C:\Program Files\Common Files\Oracle\Java\javapath;C:\Windows\system32;C:\Windows;C:\Windows\System32\Wbem;C:\Windows\System32\WindowsPowerShell\v1.0\;C:\Windows\System32\OpenSSH\;C:\Program Files\Git\cmd;C:\Program Files\NVIDIA Corporation\NVIDIA NvDLISR;C:\Program Files (x86)\NVIDIA Corporation\PhysX\Common;C:\ProgramData\chocolatey\bin;C:\Users\victo\AppData\Roaming\nvm;C:\Program Files\nodejs;C:\Program Files\Docker\Docker\resources\bin;C:\ProgramData\DockerDesktop\version-bin;C:\Program Files\OpenSSL-Win64\bin;C:\Program Files (x86)\Google\Cloud SDK\google-cloud-sdk\bin;C:\src\flutter\bin;C:\Users\victo\AppData\Local\Programs\Python\Python310\Scripts\;C:\Users\victo\AppData\Local\Programs\Python\Python310\;C:\Users\victo\AppData\Local\Microsoft\WindowsApps;C:\Users\victo\AppData\Local\Programs\Microsoft VS Code\bin;C:\Users\victo\AppData\Local\Programs\oh-my-posh\bin;C:\Users\victo\AppData\Local\Programs\oh-my-posh\themes;C:\Program Files (x86)\GitHub CLI\;C:\Users\victo\AppData\Local\Programs\mongosh\;C:\tools\dart-sdk\bin;C:\Users\victo\AppData\Roaming\Pub\Cache\bin;."/>
    <property name="java.vm.info" value="mixed mode"/>
    <property name="java.vendor" value="Amazon.com Inc."/>
    <property name="java.vm.version" value="11.0.14.1+10-LTS"/>
    <property name="sun.io.unicode.encoding" value="UnicodeLittle"/>
    <property name="java.class.version" value="55.0"/>
  </properties>
  <testcase name="contextLoads" classname="com.skillsly.skillsly_interface.SkillslyInterfaceApplicationTests" time="0.49"/>
</testsuite>